<?xml version="1.0" encoding="UTF-8"?>
<!-- Generated by org.testng.reporters.JUnitReportReporter -->
<testsuite skipped="0" hostname="Milins-MacBook-Pro.local" name="step.com.testNG.YahooLoginParameters_XMLFile" tests="1" failures="0" timestamp="25 Dec 2018 04:35:11 GMT" time="5.608" errors="0">
  <testcase name="yahooLoginDetails" time="5.608" classname="step.com.testNG.YahooLoginParameters_XMLFile"/>
</testsuite> <!-- step.com.testNG.YahooLoginParameters_XMLFile -->
