<?xml version="1.0" encoding="UTF-8"?>
<!-- Generated by org.testng.reporters.JUnitReportReporter -->
<testsuite skipped="0" hostname="Milins-MacBook-Pro.local" name="step.com.testNG.TestNgInstallationCheck" tests="1" failures="0" timestamp="25 Dec 2018 04:35:11 GMT" time="0.006" errors="0">
  <testcase name="verifyHomepage" time="0.006" classname="step.com.testNG.TestNgInstallationCheck"/>
</testsuite> <!-- step.com.testNG.TestNgInstallationCheck -->
