<?xml version="1.0" encoding="UTF-8"?>
<!-- Generated by org.testng.reporters.JUnitReportReporter -->
<testsuite skipped="0" hostname="Milins-MacBook-Pro.local" name="step.com.testNG.MultipleSessionHandling" tests="3" failures="0" timestamp="24 Dec 2018 03:40:07 GMT" time="10.666" errors="0">
  <testcase name="executeSessionTwo" time="3.287" classname="step.com.testNG.MultipleSessionHandling"/>
  <testcase name="executSessionOne" time="4.146" classname="step.com.testNG.MultipleSessionHandling"/>
  <testcase name="executSessionThree" time="3.233" classname="step.com.testNG.MultipleSessionHandling"/>
</testsuite> <!-- step.com.testNG.MultipleSessionHandling -->
